<?xml version="1.0" encoding="UTF-8"?>
<!-- Generated by org.testng.reporters.JUnitReportReporter -->
<testsuite hostname="DESKTOP-ONVP2CN" failures="0" tests="1" name="pom_Sat.RunnerScript" time="13.417" errors="0" timestamp="2024-09-28T12:28:24 IST" skipped="0">
  <testcase classname="pom_Sat.RunnerScript" name="login" time="13.417"/>
  <system-out/>
</testsuite> <!-- pom_Sat.RunnerScript -->
