<?xml version="1.0" encoding="UTF-8"?>
<!-- Generated by org.testng.reporters.JUnitReportReporter -->
<testsuite hostname="DESKTOP-ONVP2CN" failures="0" tests="1" name="testng.demo2" time="55.924" errors="0" timestamp="2024-09-20T12:56:38 IST" skipped="0">
  <testcase classname="testng.demo2" name="login" time="55.924"/>
  <system-out/>
</testsuite> <!-- testng.demo2 -->
