<?xml version="1.0" encoding="UTF-8"?>
<!-- Generated by org.testng.reporters.JUnitReportReporter -->
<testsuite hostname="DESKTOP-ONVP2CN" failures="0" tests="1" name="log4j.PrintLogMessagesOnTheReport" time="0.305" errors="0" timestamp="2024-10-08T14:57:00 IST" skipped="0">
  <testcase classname="log4j.PrintLogMessagesOnTheReport" name="report" time="0.305"/>
  <system-out/>
</testsuite> <!-- log4j.PrintLogMessagesOnTheReport -->
