<?xml version="1.0" encoding="UTF-8"?>
<!-- Generated by org.testng.reporters.JUnitReportReporter -->
<testsuite hostname="DESKTOP-ONVP2CN" failures="0" tests="1" name="selenium_class.Testngsample" time="21.937" errors="0" timestamp="2024-09-14T11:29:49 IST" skipped="0">
  <testcase classname="selenium_class.Testngsample" name="login" time="21.937"/>
  <system-out/>
</testsuite> <!-- selenium_class.Testngsample -->
