<?xml version="1.0" encoding="UTF-8"?>
<!-- Generated by org.testng.reporters.JUnitReportReporter -->
<testsuite hostname="DESKTOP-ONVP2CN" failures="0" tests="1" name="log4j.Logg" time="0.130" errors="0" timestamp="2024-10-08T14:41:35 IST" skipped="0">
  <testcase classname="log4j.Logg" name="report" time="0.130"/>
  <system-out/>
</testsuite> <!-- log4j.Logg -->
