<?xml version="1.0" encoding="UTF-8"?>
<!-- Generated by org.testng.reporters.JUnitReportReporter -->
<testsuite hostname="DESKTOP-ONVP2CN" failures="0" tests="2" name="selenium_class.ParametersINTestNG" time="22.195" errors="0" timestamp="2024-10-21T11:15:21 IST" skipped="0">
  <testcase classname="selenium_class.ParametersINTestNG" name="Window" time="17.588"/>
  <system-out/>
  <testcase classname="selenium_class.ParametersINTestNG" name="Dropdown" time="4.607"/>
  <system-out/>
</testsuite> <!-- selenium_class.ParametersINTestNG -->
