<?xml version="1.0" encoding="UTF-8"?>
<!-- Generated by org.testng.reporters.JUnitReportReporter -->
<testsuite hostname="DESKTOP-ONVP2CN" failures="0" tests="2" name="testng3_Mon.TestScriptTestNG" time="44.362" errors="0" timestamp="2024-09-23T12:51:06 IST" skipped="0">
  <testcase classname="testng3_Mon.TestScriptTestNG" name="hello" time="10.388"/>
  <system-out/>
  <testcase classname="testng3_Mon.TestScriptTestNG" name="runScript" time="33.974"/>
  <system-out/>
</testsuite> <!-- testng3_Mon.TestScriptTestNG -->
