<?xml version="1.0" encoding="UTF-8"?>
<!-- Generated by org.testng.reporters.JUnitReportReporter -->
<testsuite hostname="DESKTOP-ONVP2CN" failures="0" tests="1" name="testng3_Mon.Testscript2Mon" time="11.128" errors="0" timestamp="2024-09-23T12:51:06 IST" skipped="0">
  <testcase classname="testng3_Mon.Testscript2Mon" name="hello" time="11.128"/>
  <system-out/>
</testsuite> <!-- testng3_Mon.Testscript2Mon -->
