<?xml version="1.0" encoding="UTF-8"?>
<!-- Generated by org.testng.reporters.JUnitReportReporter -->
<testsuite hostname="DESKTOP-ONVP2CN" failures="0" tests="1" name="testng.demo1" time="22.404" errors="0" timestamp="2024-09-20T12:56:37 IST" skipped="0">
  <testcase classname="testng.demo1" name="login" time="22.404"/>
  <system-out/>
</testsuite> <!-- testng.demo1 -->
