<?xml version="1.0" encoding="UTF-8"?>
<!-- Generated by org.testng.reporters.JUnitReportReporter -->
<testsuite hostname="DESKTOP-ONVP2CN" failures="0" tests="1" name="selenium_class.TestScriptTestNG" time="10.250" errors="0" timestamp="2024-09-23T12:17:58 IST" skipped="0">
  <testcase classname="selenium_class.TestScriptTestNG" name="runScript" time="10.250"/>
  <system-out/>
</testsuite> <!-- selenium_class.TestScriptTestNG -->
