<?xml version="1.0" encoding="UTF-8"?>
<!-- Generated by org.testng.reporters.JUnitReportReporter -->
<testsuite hostname="DESKTOP-ONVP2CN" failures="0" tests="1" name="selenium_class.Framework" time="0.042" errors="0" timestamp="2024-09-14T11:22:13 IST" skipped="0">
  <testcase classname="selenium_class.Framework" name="Test12" time="0.042"/>
  <system-out>
    <![CDATA[hello]]>
  </system-out>
</testsuite> <!-- selenium_class.Framework -->
