<?xml version="1.0" encoding="UTF-8"?>
<!-- Generated by org.testng.reporters.JUnitReportReporter -->
<testsuite hostname="DESKTOP-ONVP2CN" failures="0" tests="1" name="testng2.demo34" time="36.334" errors="0" timestamp="2024-09-20T12:56:38 IST" skipped="0">
  <testcase classname="testng2.demo34" name="login" time="36.334"/>
  <system-out/>
</testsuite> <!-- testng2.demo34 -->
